[2026-03-04T10:09:05.669Z] SKIPPED tmdb_id=1357366 title="Mental Manadhil"
[2026-03-04T10:09:19.372Z] SKIPPED tmdb_id=1306500 title="Moon Walk"
[2026-03-04T10:09:51.990Z] SKIPPED tmdb_id=1433117 title="Kara"
[2026-03-05T06:26:40.761Z] SKIPPED tmdb_id=1523371 title="Malaki Duwe Numba"
[2026-03-05T06:27:15.662Z] SKIPPED tmdb_id=1489510 title="Aaromaley"
[2026-03-05T06:28:07.618Z] SKIPPED tmdb_id=985379 title="Diesel"
[2026-03-05T06:30:15.499Z] SKIPPED tmdb_id=1553052 title="The Savage"
[2026-03-05T06:38:05.036Z] SKIPPED tmdb_id=1642665 title="Anthony"
[2026-03-05T06:45:29.514Z] SKIPPED tmdb_id=1612499 title="Rambo"
[2026-03-05T06:46:59.654Z] SKIPPED tmdb_id=1499180 title="Bomb"
[2026-03-05T06:51:09.563Z] SKIPPED tmdb_id=1507659 title="MANAM"
[2026-03-05T06:51:23.772Z] SKIPPED tmdb_id=1507067 title="Akkenam"
[2026-03-05T06:53:18.846Z] SKIPPED tmdb_id=1363072 title="Chennai City Gangsters"
[2026-03-05T06:53:32.662Z] SKIPPED tmdb_id=1500526 title="Mirugasirisham: The Orion"
[2026-03-05T06:54:11.545Z] SKIPPED tmdb_id=1488301 title="Madras Matinee"
[2026-03-05T06:55:13.759Z] SKIPPED tmdb_id=1483832 title="KEY"
[2026-03-05T06:57:23.919Z] SKIPPED tmdb_id=1398359 title="Tourist Family"
[2026-03-05T07:04:17.313Z] SKIPPED tmdb_id=1427183 title="Gavanam"
[2026-03-05T07:15:24.951Z] SKIPPED tmdb_id=1093966 title="Vettaiyan"
[2026-03-05T07:15:38.453Z] SKIPPED tmdb_id=1362066 title="Seeran"
[2026-03-05T07:24:10.088Z] SKIPPED tmdb_id=1316912 title="Boat"
[2026-03-05T07:35:16.840Z] SKIPPED tmdb_id=1443967 title="CD4 LOVE"
[2026-03-05T07:37:51.633Z] SKIPPED tmdb_id=1279019 title="Ingu Mirugangal VaazhumIdam"
[2026-03-05T07:39:17.841Z] SKIPPED tmdb_id=1277333 title="Travel La Oru Kadhal"
[2026-03-05T07:43:13.165Z] SKIPPED tmdb_id=1140905 title="Aranmanai 4"
[2026-03-05T07:44:20.774Z] SKIPPED tmdb_id=1122356 title="DeAr"
[2026-03-05T07:45:37.662Z] SKIPPED tmdb_id=1269773 title="Oru Thavaru Seidhal"
[2026-03-09T07:32:39.802Z] Person not found: tmdb_id=91629 name="A. M. Rathnam"
[2026-03-09T09:48:20.855Z] SKIPPED tmdb_id=444516 title="Naachiyaar"
[2026-03-09T09:48:34.340Z] SKIPPED tmdb_id=411303 title="Veera"
[2026-03-09T09:57:37.488Z] SKIPPED tmdb_id=586659 title="Kuttram Seiyel"
[2026-03-09T14:32:37.146Z] Person not found: tmdb_id=91629 name="A. M. Rathnam"
[2026-03-09T14:33:54.150Z] Person not found: tmdb_id=5896035 name="Sivakumar Murugesan"
[2026-03-09T14:35:11.096Z] Person not found: tmdb_id=3299515 name="R. Mahendran"
[2026-03-09T14:36:27.914Z] Person not found: tmdb_id=1666862 name="Kalanithi Maran"
[2026-03-09T14:37:44.869Z] Person not found: tmdb_id=1469920 name="R. Ajay Gnanamuthu"
[2026-03-09T14:39:01.822Z] Person not found: tmdb_id=2261845 name="Sudhan Sundaram"
[2026-03-09T14:40:18.750Z] Person not found: tmdb_id=5910132 name="Manish Singhal"
[2026-03-09T14:41:35.599Z] Person not found: tmdb_id=3365638 name="Durgaram Choudhary"
[2026-03-09T14:42:52.436Z] Person not found: tmdb_id=1652019 name="Allirajah Subaskaran"
[2026-03-09T14:44:09.281Z] Person not found: tmdb_id=5898987 name="Manoj Nirmala Sreedharan"
[2026-03-09T14:45:26.191Z] Person not found: tmdb_id=5898995 name="Divya Manoj"
[2026-03-09T14:46:42.996Z] Person not found: tmdb_id=5898996 name="Praveen Elak"
